<?xml version="1.0" encoding="UTF-8"?>
<!-- Generated by org.testng.reporters.JUnitXMLReporter -->
<testsuite hostname="Samsul_Alam" ignored="0" name="Functional Testing" tests="7" failures="1" timestamp="2021-07-26T18:04:59 IST" time="0.12" errors="0">
  <testcase name="test1" time="0.017" classname="com.test.TestNG.DependenciesInTestNG">
    <failure type="java.lang.AssertionError" message="expected [true] but found [false]">
      <![CDATA[java.lang.AssertionError: expected [true] but found [false]
at com.test.TestNG.DependenciesInTestNG.test1(DependenciesInTestNG.java:23)
at java.util.ArrayList.forEach(ArrayList.java:1259)
... Removed 31 stack frames]]>
    </failure>
  </testcase> <!-- test1 -->
  <testcase name="test2" time="0.002" classname="com.test.TestNG.DependenciesInTestNG"/>
  <testcase name="test5" time="0.003" classname="com.test.TestNG.DependenciesInTestNG"/>
  <testcase name="test4" time="0.002" classname="com.test.TestNG.DependenciesInTestNG"/>
  <testcase name="test3" time="0.0" classname="com.test.TestNG.DependenciesInTestNG">
    <skipped/>
  </testcase> <!-- test3 -->
  <testcase name="test6" time="0.0" classname="com.test.TestNG.DependenciesInTestNG">
    <skipped/>
  </testcase> <!-- test6 -->
  <testcase name="test7" time="0.0" classname="com.test.TestNG.DependenciesInTestNG">
    <skipped/>
  </testcase> <!-- test7 -->
</testsuite> <!-- Functional Testing -->
